2025-10-23 17:20:35,079 - INFO - 디렉토리 생성/확인: audio_input
2025-10-23 17:20:35,079 - INFO - 디렉토리 생성/확인: audio_out
2025-10-23 17:20:35,080 - INFO - 디렉토리 생성/확인: audio_output
2025-10-23 17:20:35,080 - INFO - 디렉토리 생성/확인: script_output
2025-10-23 17:20:35,080 - INFO - 파이프라인 초기화 완료 - 디바이스: cuda
2025-10-23 17:20:35,081 - INFO - 총 1개 파일 처리 시작
2025-10-23 17:20:35,081 - INFO - [1/1] 처리 중: test.mp3
2025-10-23 17:20:35,081 - INFO - 노이즈 제거 시작: audio_input\test.mp3
2025-10-23 17:20:35,081 - INFO - 노이즈 제거 모델 로딩 중...
2025-10-23 17:20:35,081 - INFO - Fetch hyperparams.yaml: Fetching from HuggingFace Hub 'speechbrain/metricgan-plus-voicebank' if not cached
2025-10-23 17:20:35,632 - DEBUG - Fetch: Local file found, creating symlink 'C:\Users\yhs54\.cache\huggingface\hub\models--speechbrain--metricgan-plus-voicebank\snapshots\a196ce26b3bdace6fa1d819017584bdbcce462a8\hyperparams.yaml' -> 'D:\정리용 코드\pretrained_models\metricgan-plus-voicebank\hyperparams.yaml'
2025-10-23 17:20:35,634 - ERROR - 노이즈 제거 모델 로딩 실패: [WinError 1314] 클라이언트가 필요한 권한을 가지고 있지 않습니다: 'C:\\Users\\yhs54\\.cache\\huggingface\\hub\\models--speechbrain--metricgan-plus-voicebank\\snapshots\\a196ce26b3bdace6fa1d819017584bdbcce462a8\\hyperparams.yaml' -> 'D:\\정리용 코드\\pretrained_models\\metricgan-plus-voicebank\\hyperparams.yaml'
2025-10-23 17:20:35,634 - ERROR - 노이즈 제거 실패 (audio_input\test.mp3): [WinError 1314] 클라이언트가 필요한 권한을 가지고 있지 않습니다: 'C:\\Users\\yhs54\\.cache\\huggingface\\hub\\models--speechbrain--metricgan-plus-voicebank\\snapshots\\a196ce26b3bdace6fa1d819017584bdbcce462a8\\hyperparams.yaml' -> 'D:\\정리용 코드\\pretrained_models\\metricgan-plus-voicebank\\hyperparams.yaml'
2025-10-23 17:20:35,634 - ERROR - 파일 처리 실패 (audio_input\test.mp3): [WinError 1314] 클라이언트가 필요한 권한을 가지고 있지 않습니다: 'C:\\Users\\yhs54\\.cache\\huggingface\\hub\\models--speechbrain--metricgan-plus-voicebank\\snapshots\\a196ce26b3bdace6fa1d819017584bdbcce462a8\\hyperparams.yaml' -> 'D:\\정리용 코드\\pretrained_models\\metricgan-plus-voicebank\\hyperparams.yaml'
2025-10-23 17:20:35,634 - ERROR - 파일 처리 실패: audio_input\test.mp3 - [WinError 1314] 클라이언트가 필요한 권한을 가지고 있지 않습니다: 'C:\\Users\\yhs54\\.cache\\huggingface\\hub\\models--speechbrain--metricgan-plus-voicebank\\snapshots\\a196ce26b3bdace6fa1d819017584bdbcce462a8\\hyperparams.yaml' -> 'D:\\정리용 코드\\pretrained_models\\metricgan-plus-voicebank\\hyperparams.yaml'
2025-10-23 17:20:35,635 - INFO - 처리 결과 요약 저장: script_output\processing_summary_20251023_172035.txt
2025-10-23 17:20:35,635 - INFO - 모든 파일 처리 완료
2025-10-23 17:20:38,131 - INFO - 디렉토리 생성/확인: audio_input
2025-10-23 17:20:38,131 - INFO - 디렉토리 생성/확인: audio_out
2025-10-23 17:20:38,131 - INFO - 디렉토리 생성/확인: audio_output
2025-10-23 17:20:38,132 - INFO - 디렉토리 생성/확인: script_output
2025-10-23 17:20:38,132 - INFO - 파이프라인 초기화 완료 - 디바이스: cuda
2025-10-23 17:20:38,133 - INFO - 총 1개 파일 처리 시작
2025-10-23 17:20:38,133 - INFO - [1/1] 처리 중: test.mp3
2025-10-23 17:20:38,133 - INFO - 노이즈 제거 시작: audio_input\test.mp3
2025-10-23 17:20:38,133 - INFO - 노이즈 제거 모델 로딩 중...
2025-10-23 17:20:38,133 - INFO - Fetch hyperparams.yaml: Fetching from HuggingFace Hub 'speechbrain/metricgan-plus-voicebank' if not cached
2025-10-23 17:20:38,621 - DEBUG - Fetch: Local file found, creating symlink 'C:\Users\yhs54\.cache\huggingface\hub\models--speechbrain--metricgan-plus-voicebank\snapshots\a196ce26b3bdace6fa1d819017584bdbcce462a8\hyperparams.yaml' -> 'D:\정리용 코드\pretrained_models\metricgan-plus-voicebank\hyperparams.yaml'
2025-10-23 17:20:38,621 - ERROR - 노이즈 제거 모델 로딩 실패: [WinError 1314] 클라이언트가 필요한 권한을 가지고 있지 않습니다: 'C:\\Users\\yhs54\\.cache\\huggingface\\hub\\models--speechbrain--metricgan-plus-voicebank\\snapshots\\a196ce26b3bdace6fa1d819017584bdbcce462a8\\hyperparams.yaml' -> 'D:\\정리용 코드\\pretrained_models\\metricgan-plus-voicebank\\hyperparams.yaml'
2025-10-23 17:20:38,622 - ERROR - 노이즈 제거 실패 (audio_input\test.mp3): [WinError 1314] 클라이언트가 필요한 권한을 가지고 있지 않습니다: 'C:\\Users\\yhs54\\.cache\\huggingface\\hub\\models--speechbrain--metricgan-plus-voicebank\\snapshots\\a196ce26b3bdace6fa1d819017584bdbcce462a8\\hyperparams.yaml' -> 'D:\\정리용 코드\\pretrained_models\\metricgan-plus-voicebank\\hyperparams.yaml'
2025-10-23 17:20:38,622 - ERROR - 파일 처리 실패 (audio_input\test.mp3): [WinError 1314] 클라이언트가 필요한 권한을 가지고 있지 않습니다: 'C:\\Users\\yhs54\\.cache\\huggingface\\hub\\models--speechbrain--metricgan-plus-voicebank\\snapshots\\a196ce26b3bdace6fa1d819017584bdbcce462a8\\hyperparams.yaml' -> 'D:\\정리용 코드\\pretrained_models\\metricgan-plus-voicebank\\hyperparams.yaml'
2025-10-23 17:20:38,622 - ERROR - 파일 처리 실패: audio_input\test.mp3 - [WinError 1314] 클라이언트가 필요한 권한을 가지고 있지 않습니다: 'C:\\Users\\yhs54\\.cache\\huggingface\\hub\\models--speechbrain--metricgan-plus-voicebank\\snapshots\\a196ce26b3bdace6fa1d819017584bdbcce462a8\\hyperparams.yaml' -> 'D:\\정리용 코드\\pretrained_models\\metricgan-plus-voicebank\\hyperparams.yaml'
2025-10-23 17:20:38,623 - INFO - 처리 결과 요약 저장: script_output\processing_summary_20251023_172038.txt
2025-10-23 17:20:38,624 - INFO - 모든 파일 처리 완료
2025-10-23 17:23:02,227 - INFO - 디렉토리 생성/확인: audio_input
2025-10-23 17:23:02,227 - INFO - 디렉토리 생성/확인: audio_out
2025-10-23 17:23:02,227 - INFO - 디렉토리 생성/확인: audio_output
2025-10-23 17:23:02,228 - INFO - 디렉토리 생성/확인: script_output
2025-10-23 17:23:02,228 - INFO - 파이프라인 초기화 완료 - 디바이스: cuda
2025-10-23 17:23:02,228 - INFO - 총 1개 파일 처리 시작
2025-10-23 17:23:02,228 - INFO - [1/1] 처리 중: test.mp3
2025-10-23 17:23:02,228 - INFO - 노이즈 제거 시작: audio_input\test.mp3
2025-10-23 17:23:02,228 - INFO - 노이즈 제거 모델 로딩 중...
2025-10-23 17:23:02,230 - INFO - Fetch hyperparams.yaml: Fetching from HuggingFace Hub 'speechbrain/metricgan-plus-voicebank' if not cached
2025-10-23 17:23:02,725 - DEBUG - Fetch: Local file found, creating symlink 'C:\Users\yhs54\.cache\huggingface\hub\models--speechbrain--metricgan-plus-voicebank\snapshots\a196ce26b3bdace6fa1d819017584bdbcce462a8\hyperparams.yaml' -> 'D:\정리용 코드\pretrained_models\metricgan-plus-voicebank\hyperparams.yaml'
2025-10-23 17:23:02,725 - ERROR - 노이즈 제거 모델 로딩 실패: [WinError 1314] 클라이언트가 필요한 권한을 가지고 있지 않습니다: 'C:\\Users\\yhs54\\.cache\\huggingface\\hub\\models--speechbrain--metricgan-plus-voicebank\\snapshots\\a196ce26b3bdace6fa1d819017584bdbcce462a8\\hyperparams.yaml' -> 'D:\\정리용 코드\\pretrained_models\\metricgan-plus-voicebank\\hyperparams.yaml'
2025-10-23 17:23:02,725 - INFO - 대안 방법으로 재시도...
2025-10-23 17:23:02,726 - INFO - 대안 노이즈 제거 방법 사용 (간단한 필터링)
2025-10-23 17:23:02,796 - INFO - 간단한 필터링 방법으로 노이즈 제거
2025-10-23 17:23:02,831 - INFO - 노이즈 제거 완료: audio_out\test_denoised.wav
2025-10-23 17:23:02,840 - INFO - STT 처리 시작: audio_output\test_denoised.wav
2025-10-23 17:23:02,840 - INFO - Whisper 모델 (base) 로딩 중...
2025-10-23 17:23:03,500 - INFO - Whisper 모델 로딩 완료
2025-10-23 17:23:04,548 - INFO - STT 처리 완료: script_output\test_transcript.txt
2025-10-23 17:23:04,548 - INFO - 인식된 텍스트: 안녕하세요. 저는 아이디 초고방이에요. 오늘 모임에 처음 오셨죠? 아 네. 저는 최시원이라고 합니다. 아이디는 블루스카이입니다. 아 블루스카이님이 시구나 반가워요....
2025-10-23 17:23:04,548 - INFO - 파일 처리 완료: audio_input\test.mp3
2025-10-23 17:23:04,549 - INFO - 처리 결과 요약 저장: script_output\processing_summary_20251023_172304.txt
2025-10-23 17:23:04,549 - INFO - 모든 파일 처리 완료
2025-10-23 17:25:39,045 - INFO - 디렉토리 생성/확인: audio_input
2025-10-23 17:25:39,045 - INFO - 디렉토리 생성/확인: audio_out
2025-10-23 17:25:39,045 - INFO - 디렉토리 생성/확인: audio_output
2025-10-23 17:25:39,045 - INFO - 디렉토리 생성/확인: script_output
2025-10-23 17:25:39,045 - INFO - 파이프라인 초기화 완료 - 디바이스: cuda
2025-10-23 17:25:39,046 - INFO - 총 1개 파일 처리 시작
2025-10-23 17:25:39,046 - INFO - [1/1] 처리 중: test.mp3
2025-10-23 17:25:39,046 - INFO - 노이즈 제거 시작: audio_input\test.mp3
2025-10-23 17:25:39,046 - INFO - 노이즈 제거 모델 로딩 중...
2025-10-23 17:25:39,047 - INFO - Fetch hyperparams.yaml: Fetching from HuggingFace Hub 'speechbrain/metricgan-plus-voicebank' if not cached
2025-10-23 17:25:39,514 - DEBUG - Fetch: Local file found, creating symlink 'C:\Users\yhs54\.cache\huggingface\hub\models--speechbrain--metricgan-plus-voicebank\snapshots\a196ce26b3bdace6fa1d819017584bdbcce462a8\hyperparams.yaml' -> 'D:\정리용 코드\pretrained_models\metricgan-plus-voicebank\hyperparams.yaml'
2025-10-23 17:25:39,516 - ERROR - 노이즈 제거 모델 로딩 실패: [WinError 1314] 클라이언트가 필요한 권한을 가지고 있지 않습니다: 'C:\\Users\\yhs54\\.cache\\huggingface\\hub\\models--speechbrain--metricgan-plus-voicebank\\snapshots\\a196ce26b3bdace6fa1d819017584bdbcce462a8\\hyperparams.yaml' -> 'D:\\정리용 코드\\pretrained_models\\metricgan-plus-voicebank\\hyperparams.yaml'
2025-10-23 17:25:39,516 - INFO - 대안 방법으로 재시도...
2025-10-23 17:25:39,516 - INFO - 대안 노이즈 제거 방법 사용 (간단한 필터링)
2025-10-23 17:25:39,540 - INFO - 간단한 필터링 방법으로 노이즈 제거
2025-10-23 17:25:39,572 - INFO - 노이즈 제거 완료: audio_out\test_denoised.wav
2025-10-23 17:25:39,580 - INFO - STT 처리 시작: audio_output\test_denoised.wav
2025-10-23 17:25:39,580 - INFO - Whisper 모델 (base) 로딩 중...
2025-10-23 17:25:40,178 - INFO - Whisper 모델 로딩 완료
2025-10-23 17:25:42,856 - INFO - SRT 자막 파일 생성: script_output\test_subtitle.srt
2025-10-23 17:25:42,856 - INFO - STT 처리 완료: script_output\test_transcript.txt
2025-10-23 17:25:42,856 - INFO - 인식된 텍스트: 안녕하세요. 저는 아이디 초고방이에요. 오늘 모임에 처음 오셨죠? 아 네. 저는 최시원이라고 합니다. 아이디는 블루스카이입니다. 아 블루스카이님이 시구나 반가워요....
2025-10-23 17:25:42,856 - INFO - 파일 처리 완료: audio_input\test.mp3
2025-10-23 17:25:42,857 - INFO - 처리 결과 요약 저장: script_output\processing_summary_20251023_172542.txt
2025-10-23 17:25:42,857 - INFO - 모든 파일 처리 완료
